{"meta": {"format": 3, "version": "7.13.3", "timestamp": "2026-09-16T01:00:08.995531", "branch_coverage": true, "show_contexts": false}, "files": {"scripts/assurance_check.py": {"executed_lines": [7, 8, 9, 10, 11, 12, 13, 15, 18, 19, 22, 23, 24, 25, 26, 29, 30, 31, 32, 33, 34, 35, 36, 39, 40, 41, 42, 43, 44, 45, 46, 47, 48, 49, 50, 51, 52, 53, 54, 55, 56, 57, 58, 59, 60, 61, 62, 63, 64, 65, 66, 67, 68, 69, 70, 71, 72, 73, 74, 75, 76, 77, 78, 79, 80, 81, 82, 83, 84, 85, 86, 87, 88, 89, 90, 91, 92, 93, 94, 95, 96, 97, 98, 99, 100, 101, 102, 103, 104, 105, 106, 107, 108, 109, 110, 111, 112, 113, 115, 116, 117, 118, 119, 120, 121, 122, 123, 124, 125, 126, 127, 128, 129, 130, 131, 133, 134, 135, 136, 137, 143, 144, 145, 146, 147, 148, 149, 150, 151, 152, 153, 154, 155, 156, 157, 160], "summary": {"covered_lines": 136, "num_statements": 137, "percent_covered": 99.06103286384976, "percent_covered_display": "99", "missing_lines": 1, "excluded_lines": 0, "percent_statements_covered": 99.27007299270073, "percent_statements_covered_display": "99", "num_branches": 76, "num_partial_branches": 1, "covered_branches": 75, "missing_branches": 1, "percent_branches_covered": 98.6842105263158, "percent_branches_covered_display": "99"}, "missing_lines": [161], "excluded_lines": [], "executed_branches": [[24, 25], [24, 26], [30, 31], [30, 32], [32, 33], [32, 34], [34, 35], [34, 36], [43, 44], [43, 45], [45, 46], [45, 48], [46, 45], [46, 47], [50, 51], [50, 52], [52, 53], [52, 54], [55, 56], [55, 70], [57, 58], [57, 59], [62, 63], [62, 64], [65, 66], [65, 67], [67, 68], [67, 69], [72, 73], [72, 133], [74, 75], [74, 76], [76, 77], [76, 78], [82, 83], [82, 85], [83, 82], [83, 84], [86, 87], [86, 88], [88, 89], [88, 90], [93, 94], [93, 95], [95, 96], [95, 97], [97, 98], [97, 99], [99, 100], [99, 101], [101, 102], [101, 103], [103, 104], [103, 105], [105, 106], [105, 107], [107, 108], [107, 109], [110, 111], [110, 112], [112, 113], [112, 115], [117, 118], [117, 120], [121, 122], [121, 123], [123, 124], [123, 125], [126, 127], [126, 128], [128, 129], [128, 130], [133, 134], [133, 137], [160, -1]], "missing_branches": [[160, 161]], "functions": {"digest_ids": {"executed_lines": [19], "summary": {"covered_lines": 1, "num_statements": 1, "percent_covered": 100.0, "percent_covered_display": "100", "missing_lines": 0, "excluded_lines": 0, "percent_statements_covered": 100.0, "percent_statements_covered_display": "100", "num_branches": 0, "num_partial_branches": 0, "covered_branches": 0, "missing_branches": 0, "percent_branches_covered": 100.0, "percent_branches_covered_display": "100"}, "missing_lines": [], "excluded_lines": [], "start_line": 18, "executed_branches": [], "missing_branches": []}, "cell_key": {"executed_lines": [23, 24, 25, 26], "summary": {"covered_lines": 4, "num_statements": 4, "percent_covered": 100.0, "percent_covered_display": "100", "missing_lines": 0, "excluded_lines": 0, "percent_statements_covered": 100.0, "percent_statements_covered_display": "100", "num_branches": 2, "num_partial_branches": 0, "covered_branches": 2, "missing_branches": 0, "percent_branches_covered": 100.0, "percent_branches_covered_display": "100"}, "missing_lines": [], "excluded_lines": [], "start_line": 22, "executed_branches": [[24, 25], [24, 26]], "missing_branches": []}, "ids": {"executed_lines": [30, 31, 32, 33, 34, 35, 36], "summary": {"covered_lines": 7, "num_statements": 7, "percent_covered": 100.0, "percent_covered_display": "100", "missing_lines": 0, "excluded_lines": 0, "percent_statements_covered": 100.0, "percent_statements_covered_display": "100", "num_branches": 6, "num_partial_branches": 0, "covered_branches": 6, "missing_branches": 0, "percent_branches_covered": 100.0, "percent_branches_covered_display": "100"}, "missing_lines": [], "excluded_lines": [], "start_line": 29, "executed_branches": [[30, 31], [30, 32], [32, 33], [32, 34], [34, 35], [34, 36]], "missing_branches": []}, "evaluate": {"executed_lines": [40, 41, 42, 43, 44, 45, 46, 47, 48, 49, 50, 51, 52, 53, 54, 55, 56, 57, 58, 59, 60, 61, 62, 63, 64, 65, 66, 67, 68, 69, 70, 71, 72, 73, 74, 75, 76, 77, 78, 79, 80, 81, 82, 83, 84, 85, 86, 87, 88, 89, 90, 91, 92, 93, 94, 95, 96, 97, 98, 99, 100, 101, 102, 103, 104, 105, 106, 107, 108, 109, 110, 111, 112, 113, 115, 116, 117, 118, 119, 120, 121, 122, 123, 124, 125, 126, 127, 128, 129, 130, 131, 133, 134, 135, 136, 137], "summary": {"covered_lines": 96, "num_statements": 96, "percent_covered": 100.0, "percent_covered_display": "100", "missing_lines": 0, "excluded_lines": 0, "percent_statements_covered": 100.0, "percent_statements_covered_display": "100", "num_branches": 66, "num_partial_branches": 0, "covered_branches": 66, "missing_branches": 0, "percent_branches_covered": 100.0, "percent_branches_covered_display": "100"}, "missing_lines": [], "excluded_lines": [], "start_line": 39, "executed_branches": [[43, 44], [43, 45], [45, 46], [45, 48], [46, 45], [46, 47], [50, 51], [50, 52], [52, 53], [52, 54], [55, 56], [55, 70], [57, 58], [57, 59], [62, 63], [62, 64], [65, 66], [65, 67], [67, 68], [67, 69], [72, 73], [72, 133], [74, 75], [74, 76], [76, 77], [76, 78], [82, 83], [82, 85], [83, 82], [83, 84], [86, 87], [86, 88], [88, 89], [88, 90], [93, 94], [93, 95], [95, 96], [95, 97], [97, 98], [97, 99], [99, 100], [99, 101], [101, 102], [101, 103], [103, 104], [103, 105], [105, 106], [105, 107], [107, 108], [107, 109], [110, 111], [110, 112], [112, 113], [112, 115], [117, 118], [117, 120], [121, 122], [121, 123], [123, 124], [123, 125], [126, 127], [126, 128], [128, 129], [128, 130], [133, 134], [133, 137]], "missing_branches": []}, "main": {"executed_lines": [144, 145, 146, 147, 148, 149, 150, 151, 152, 153, 154, 155, 156, 157], "summary": {"covered_lines": 14, "num_statements": 14, "percent_covered": 100.0, "percent_covered_display": "100", "missing_lines": 0, "excluded_lines": 0, "percent_statements_covered": 100.0, "percent_statements_covered_display": "100", "num_branches": 0, "num_partial_branches": 0, "covered_branches": 0, "missing_branches": 0, "percent_branches_covered": 100.0, "percent_branches_covered_display": "100"}, "missing_lines": [], "excluded_lines": [], "start_line": 143, "executed_branches": [], "missing_branches": []}, "": {"executed_lines": [7, 8, 9, 10, 11, 12, 13, 15, 18, 22, 29, 39, 143, 160], "summary": {"covered_lines": 14, "num_statements": 15, "percent_covered": 88.23529411764706, "percent_covered_display": "88", "missing_lines": 1, "excluded_lines": 0, "percent_statements_covered": 93.33333333333333, "percent_statements_covered_display": "93", "num_branches": 2, "num_partial_branches": 1, "covered_branches": 1, "missing_branches": 1, "percent_branches_covered": 50.0, "percent_branches_covered_display": "50"}, "missing_lines": [161], "excluded_lines": [], "start_line": 1, "executed_branches": [[160, -1]], "missing_branches": [[160, 161]]}}, "classes": {"": {"executed_lines": [7, 8, 9, 10, 11, 12, 13, 15, 18, 19, 22, 23, 24, 25, 26, 29, 30, 31, 32, 33, 34, 35, 36, 39, 40, 41, 42, 43, 44, 45, 46, 47, 48, 49, 50, 51, 52, 53, 54, 55, 56, 57, 58, 59, 60, 61, 62, 63, 64, 65, 66, 67, 68, 69, 70, 71, 72, 73, 74, 75, 76, 77, 78, 79, 80, 81, 82, 83, 84, 85, 86, 87, 88, 89, 90, 91, 92, 93, 94, 95, 96, 97, 98, 99, 100, 101, 102, 103, 104, 105, 106, 107, 108, 109, 110, 111, 112, 113, 115, 116, 117, 118, 119, 120, 121, 122, 123, 124, 125, 126, 127, 128, 129, 130, 131, 133, 134, 135, 136, 137, 143, 144, 145, 146, 147, 148, 149, 150, 151, 152, 153, 154, 155, 156, 157, 160], "summary": {"covered_lines": 136, "num_statements": 137, "percent_covered": 99.06103286384976, "percent_covered_display": "99", "missing_lines": 1, "excluded_lines": 0, "percent_statements_covered": 99.27007299270073, "percent_statements_covered_display": "99", "num_branches": 76, "num_partial_branches": 1, "covered_branches": 75, "missing_branches": 1, "percent_branches_covered": 98.6842105263158, "percent_branches_covered_display": "99"}, "missing_lines": [161], "excluded_lines": [], "start_line": 1, "executed_branches": [[24, 25], [24, 26], [30, 31], [30, 32], [32, 33], [32, 34], [34, 35], [34, 36], [43, 44], [43, 45], [45, 46], [45, 48], [46, 45], [46, 47], [50, 51], [50, 52], [52, 53], [52, 54], [55, 56], [55, 70], [57, 58], [57, 59], [62, 63], [62, 64], [65, 66], [65, 67], [67, 68], [67, 69], [72, 73], [72, 133], [74, 75], [74, 76], [76, 77], [76, 78], [82, 83], [82, 85], [83, 82], [83, 84], [86, 87], [86, 88], [88, 89], [88, 90], [93, 94], [93, 95], [95, 96], [95, 97], [97, 98], [97, 99], [99, 100], [99, 101], [101, 102], [101, 103], [103, 104], [103, 105], [105, 106], [105, 107], [107, 108], [107, 109], [110, 111], [110, 112], [112, 113], [112, 115], [117, 118], [117, 120], [121, 122], [121, 123], [123, 124], [123, 125], [126, 127], [126, 128], [128, 129], [128, 130], [133, 134], [133, 137], [160, -1]], "missing_branches": [[160, 161]]}}}}, "totals": {"covered_lines": 136, "num_statements": 137, "percent_covered": 99.06103286384976, "percent_covered_display": "99", "missing_lines": 1, "excluded_lines": 0, "percent_statements_covered": 99.27007299270073, "percent_statements_covered_display": "99", "num_branches": 76, "num_partial_branches": 1, "covered_branches": 75, "missing_branches": 1, "percent_branches_covered": 98.6842105263158, "percent_branches_covered_display": "99"}}